

Microchip Technology PIC LITE Macro Assembler V1.45 build -152302408 
                                                                                               Fri Dec 13 22:47:03 2019

Microchip Technology Omniscient Code Generator v1.45 (Free mode) build 201711160504
     1                           	processor	12F683
     2                           	opt	pw 120
     3                           	opt	lm
     4                           	psect	idataBANK0,global,class=CODE,delta=2
     5                           	psect	stringtext,global,reloc=256,class=STRCODE,delta=2
     6                           	psect	cinit,global,class=CODE,merge=1,delta=2
     7                           	psect	bssEEDATA,global,class=EEDATA,space=3,delta=2
     8                           	psect	bssCOMMON,global,class=COMMON,space=1,delta=1
     9                           	psect	bssBANK0,global,class=BANK0,space=1,delta=1
    10                           	psect	dataBANK0,global,class=BANK0,space=1,delta=1
    11                           	psect	clrtext,global,class=CODE,delta=2
    12                           	psect	cstackCOMMON,global,class=COMMON,space=1,delta=1
    13                           	psect	cstackBANK0,global,class=BANK0,space=1,delta=1
    14                           	psect	maintext,global,class=CODE,split=1,delta=2
    15                           	psect	text1,local,class=CODE,merge=1,delta=2
    16                           	psect	text2,local,class=CODE,merge=1,delta=2
    17                           	psect	text3,local,class=CODE,merge=1,delta=2
    18                           	psect	text4,local,class=CODE,merge=1,delta=2
    19                           	psect	text5,local,class=CODE,merge=1,delta=2
    20                           	psect	intentry,global,class=CODE,delta=2
    21                           	psect	text6,local,class=CODE,merge=1,delta=2
    22                           	dabs	1,0x7E,2
    23  0000                     
    24                           ; Version 1.45
    25                           ; Generated 16/11/2017 GMT
    26                           ; 
    27                           ; Copyright © 2017, Microchip Technology Inc. and its subsidiaries ("Microchip")
    28                           ; All rights reserved.
    29                           ; 
    30                           ; This software is developed by Microchip Technology Inc. and its subsidiaries ("Microch
      +                          ip").
    31                           ; 
    32                           ; Redistribution and use in source and binary forms, with or without modification, are
    33                           ; permitted provided that the following conditions are met:
    34                           ; 
    35                           ;     1. Redistributions of source code must retain the above copyright notice, this lis
      +                          t of
    36                           ;        conditions and the following disclaimer.
    37                           ; 
    38                           ;     2. Redistributions in binary form must reproduce the above copyright notice, this 
      +                          list
    39                           ;        of conditions and the following disclaimer in the documentation and/or other
    40                           ;        materials provided with the distribution.
    41                           ; 
    42                           ;     3. Microchip's name may not be used to endorse or promote products derived from th
      +                          is
    43                           ;        software without specific prior written permission.
    44                           ; 
    45                           ; THIS SOFTWARE IS PROVIDED BY MICROCHIP "AS IS" AND ANY EXPRESS OR IMPLIED WARRANTIES,
    46                           ; INCLUDING, BUT NOT LIMITED TO, THE IMPLIED WARRANTIES OF MERCHANTABILITY AND FITNESS F
      +                          OR
    47                           ; PURPOSE ARE DISCLAIMED.  IN NO EVENT SHALL MICROCHIP BE LIABLE FOR ANY DIRECT, INDIREC
      +                          T,
    48                           ; INCIDENTAL, SPECIAL, EXEMPLARY, OR CONSEQUENTIAL DAMAGES (INCLUDING BUT NOT LIMITED TO
    49                           ; PROCUREMENT OF SUBSTITUTE GOODS OR SERVICES; LOSS OF USE, DATA OR PROFITS; OR BUSINESS
    50                           ; INTERRUPTION) HOWSOEVER CAUSED AND ON ANY THEORY OF LIABILITY, WHETHER IN CONTRACT, ST
      +                          RICT
    51                           ; LIABILITY, OR TORT (INCLUDING NEGLIGENCE OR OTHERWISE) ARISING IN ANY WAY OUT OF THE U
      +                          SE OF
    52                           ; THIS SOFTWARE, EVEN IF ADVISED OF THE POSSIBILITY OF SUCH DAMAGE.
    53                           ; 
    54                           ; 
    55                           ; Code-generator required, PIC12F683 Definitions
    56                           ; 
    57                           ; SFR Addresses
    58  0000                     	;# 
    59  0001                     	;# 
    60  0002                     	;# 
    61  0003                     	;# 
    62  0004                     	;# 
    63  0005                     	;# 
    64  000A                     	;# 
    65  000B                     	;# 
    66  000C                     	;# 
    67  000E                     	;# 
    68  000E                     	;# 
    69  000F                     	;# 
    70  0010                     	;# 
    71  0011                     	;# 
    72  0012                     	;# 
    73  0013                     	;# 
    74  0013                     	;# 
    75  0014                     	;# 
    76  0015                     	;# 
    77  0018                     	;# 
    78  0019                     	;# 
    79  001A                     	;# 
    80  001E                     	;# 
    81  001F                     	;# 
    82  0081                     	;# 
    83  0085                     	;# 
    84  008C                     	;# 
    85  008E                     	;# 
    86  008F                     	;# 
    87  0090                     	;# 
    88  0092                     	;# 
    89  0095                     	;# 
    90  0095                     	;# 
    91  0096                     	;# 
    92  0096                     	;# 
    93  0099                     	;# 
    94  009A                     	;# 
    95  009A                     	;# 
    96  009B                     	;# 
    97  009C                     	;# 
    98  009D                     	;# 
    99  009E                     	;# 
   100  009F                     	;# 
   101  0000                     	;# 
   102  0001                     	;# 
   103  0002                     	;# 
   104  0003                     	;# 
   105  0004                     	;# 
   106  0005                     	;# 
   107  000A                     	;# 
   108  000B                     	;# 
   109  000C                     	;# 
   110  000E                     	;# 
   111  000E                     	;# 
   112  000F                     	;# 
   113  0010                     	;# 
   114  0011                     	;# 
   115  0012                     	;# 
   116  0013                     	;# 
   117  0013                     	;# 
   118  0014                     	;# 
   119  0015                     	;# 
   120  0018                     	;# 
   121  0019                     	;# 
   122  001A                     	;# 
   123  001E                     	;# 
   124  001F                     	;# 
   125  0081                     	;# 
   126  0085                     	;# 
   127  008C                     	;# 
   128  008E                     	;# 
   129  008F                     	;# 
   130  0090                     	;# 
   131  0092                     	;# 
   132  0095                     	;# 
   133  0095                     	;# 
   134  0096                     	;# 
   135  0096                     	;# 
   136  0099                     	;# 
   137  009A                     	;# 
   138  009A                     	;# 
   139  009B                     	;# 
   140  009C                     	;# 
   141  009D                     	;# 
   142  009E                     	;# 
   143  009F                     	;# 
   144  0000                     	;# 
   145  0001                     	;# 
   146  0002                     	;# 
   147  0003                     	;# 
   148  0004                     	;# 
   149  0005                     	;# 
   150  000A                     	;# 
   151  000B                     	;# 
   152  000C                     	;# 
   153  000E                     	;# 
   154  000E                     	;# 
   155  000F                     	;# 
   156  0010                     	;# 
   157  0011                     	;# 
   158  0012                     	;# 
   159  0013                     	;# 
   160  0013                     	;# 
   161  0014                     	;# 
   162  0015                     	;# 
   163  0018                     	;# 
   164  0019                     	;# 
   165  001A                     	;# 
   166  001E                     	;# 
   167  001F                     	;# 
   168  0081                     	;# 
   169  0085                     	;# 
   170  008C                     	;# 
   171  008E                     	;# 
   172  008F                     	;# 
   173  0090                     	;# 
   174  0092                     	;# 
   175  0095                     	;# 
   176  0095                     	;# 
   177  0096                     	;# 
   178  0096                     	;# 
   179  0099                     	;# 
   180  009A                     	;# 
   181  009A                     	;# 
   182  009B                     	;# 
   183  009C                     	;# 
   184  009D                     	;# 
   185  009E                     	;# 
   186  009F                     	;# 
   187  0000                     	;# 
   188  0001                     	;# 
   189  0002                     	;# 
   190  0003                     	;# 
   191  0004                     	;# 
   192  0005                     	;# 
   193  000A                     	;# 
   194  000B                     	;# 
   195  000C                     	;# 
   196  000E                     	;# 
   197  000E                     	;# 
   198  000F                     	;# 
   199  0010                     	;# 
   200  0011                     	;# 
   201  0012                     	;# 
   202  0013                     	;# 
   203  0013                     	;# 
   204  0014                     	;# 
   205  0015                     	;# 
   206  0018                     	;# 
   207  0019                     	;# 
   208  001A                     	;# 
   209  001E                     	;# 
   210  001F                     	;# 
   211  0081                     	;# 
   212  0085                     	;# 
   213  008C                     	;# 
   214  008E                     	;# 
   215  008F                     	;# 
   216  0090                     	;# 
   217  0092                     	;# 
   218  0095                     	;# 
   219  0095                     	;# 
   220  0096                     	;# 
   221  0096                     	;# 
   222  0099                     	;# 
   223  009A                     	;# 
   224  009A                     	;# 
   225  009B                     	;# 
   226  009C                     	;# 
   227  009D                     	;# 
   228  009E                     	;# 
   229  009F                     	;# 
   230  0000                     	;# 
   231  0001                     	;# 
   232  0002                     	;# 
   233  0003                     	;# 
   234  0004                     	;# 
   235  0005                     	;# 
   236  000A                     	;# 
   237  000B                     	;# 
   238  000C                     	;# 
   239  000E                     	;# 
   240  000E                     	;# 
   241  000F                     	;# 
   242  0010                     	;# 
   243  0011                     	;# 
   244  0012                     	;# 
   245  0013                     	;# 
   246  0013                     	;# 
   247  0014                     	;# 
   248  0015                     	;# 
   249  0018                     	;# 
   250  0019                     	;# 
   251  001A                     	;# 
   252  001E                     	;# 
   253  001F                     	;# 
   254  0081                     	;# 
   255  0085                     	;# 
   256  008C                     	;# 
   257  008E                     	;# 
   258  008F                     	;# 
   259  0090                     	;# 
   260  0092                     	;# 
   261  0095                     	;# 
   262  0095                     	;# 
   263  0096                     	;# 
   264  0096                     	;# 
   265  0099                     	;# 
   266  009A                     	;# 
   267  009A                     	;# 
   268  009B                     	;# 
   269  009C                     	;# 
   270  009D                     	;# 
   271  009E                     	;# 
   272  009F                     	;# 
   273                           
   274                           	psect	idataBANK0
   275  0397                     __pidataBANK0:	
   276                           
   277                           ;initializer for _pwmBool
   278  0397  3401               	retlw	1
   279                           
   280                           	psect	stringtext
   281  0100                     __pstringtext:	
   282  0100                     stringtab:	
   283  0100                     __stringtab:	
   284  0100                     stringcode:	
   285                           ;	String table - string pointers are 2 bytes each
   286                           
   287  0100  087F               	movf	btemp+1,w
   288  0101  397F               	andlw	127
   289  0102  008A               	movwf	10
   290  0103  0804               	movf	4,w
   291  0104  0A84               	incf	4,f
   292  0105  1903               	skipnz
   293  0106  0AFF               	incf	btemp+1,f
   294  0107  0082               	movwf	2
   295  0108                     __stringbase:	
   296  0108                     __end_of__stringtab:	
   297  0108                     _ROM_COMBO_Patterns:	
   298  0108  3408               	retlw	8
   299  0109  3408               	retlw	8
   300  010A  3408               	retlw	8
   301  010B  3408               	retlw	8
   302  010C  3408               	retlw	8
   303  010D  3408               	retlw	8
   304  010E  3408               	retlw	8
   305  010F  3408               	retlw	8
   306  0110  3408               	retlw	8
   307  0111  3408               	retlw	8
   308  0112  3408               	retlw	8
   309  0113  3408               	retlw	8
   310  0114  3408               	retlw	8
   311  0115  3408               	retlw	8
   312  0116  3408               	retlw	8
   313  0117  3408               	retlw	8
   314  0118  3408               	retlw	8
   315  0119  3408               	retlw	8
   316  011A  3408               	retlw	8
   317  011B  3408               	retlw	8
   318  011C  3408               	retlw	8
   319  011D  3408               	retlw	8
   320  011E  3408               	retlw	8
   321  011F  3408               	retlw	8
   322  0120  3408               	retlw	8
   323  0121  3408               	retlw	8
   324  0122  3408               	retlw	8
   325  0123  3408               	retlw	8
   326  0124  3408               	retlw	8
   327  0125  3408               	retlw	8
   328  0126  3408               	retlw	8
   329  0127  3408               	retlw	8
   330  0128  3408               	retlw	8
   331  0129  3408               	retlw	8
   332  012A  3408               	retlw	8
   333  012B  3408               	retlw	8
   334  012C  3408               	retlw	8
   335  012D  3408               	retlw	8
   336  012E  3408               	retlw	8
   337  012F  3408               	retlw	8
   338  0130  3408               	retlw	8
   339  0131  3408               	retlw	8
   340  0132  3408               	retlw	8
   341  0133  3408               	retlw	8
   342  0134  3408               	retlw	8
   343  0135  3408               	retlw	8
   344  0136  3408               	retlw	8
   345  0137  3408               	retlw	8
   346  0138  3408               	retlw	8
   347  0139  3408               	retlw	8
   348  013A  3408               	retlw	8
   349  013B  3408               	retlw	8
   350  013C  3408               	retlw	8
   351  013D  3408               	retlw	8
   352  013E  3408               	retlw	8
   353  013F  3408               	retlw	8
   354  0140  3408               	retlw	8
   355  0141  3408               	retlw	8
   356  0142  3408               	retlw	8
   357  0143  3408               	retlw	8
   358  0144  3408               	retlw	8
   359  0145  3408               	retlw	8
   360  0146  3408               	retlw	8
   361  0147  3408               	retlw	8
   362  0148  3408               	retlw	8
   363  0149  3408               	retlw	8
   364  014A  3408               	retlw	8
   365  014B  3408               	retlw	8
   366  014C  3408               	retlw	8
   367  014D  3408               	retlw	8
   368  014E  3408               	retlw	8
   369  014F  3408               	retlw	8
   370  0150  3408               	retlw	8
   371  0151  3408               	retlw	8
   372  0152  3408               	retlw	8
   373  0153  3408               	retlw	8
   374  0154  3408               	retlw	8
   375  0155  3408               	retlw	8
   376  0156  3408               	retlw	8
   377  0157  3408               	retlw	8
   378  0158  3408               	retlw	8
   379  0159  3408               	retlw	8
   380  015A  3408               	retlw	8
   381  015B  3408               	retlw	8
   382  015C  3408               	retlw	8
   383  015D  3408               	retlw	8
   384  015E  3408               	retlw	8
   385  015F  3408               	retlw	8
   386  0160  3408               	retlw	8
   387  0161  3408               	retlw	8
   388  0162  3408               	retlw	8
   389  0163  3408               	retlw	8
   390  0164  3408               	retlw	8
   391  0165  3408               	retlw	8
   392  0166  3408               	retlw	8
   393  0167  3408               	retlw	8
   394  0168  3408               	retlw	8
   395  0169  3408               	retlw	8
   396  016A  3408               	retlw	8
   397  016B  3408               	retlw	8
   398  016C  3408               	retlw	8
   399  016D  3408               	retlw	8
   400  016E  3408               	retlw	8
   401  016F  3408               	retlw	8
   402  0170  3408               	retlw	8
   403  0171  3408               	retlw	8
   404  0172  3408               	retlw	8
   405  0173  3408               	retlw	8
   406  0174  3408               	retlw	8
   407  0175  3408               	retlw	8
   408  0176  3408               	retlw	8
   409  0177  3408               	retlw	8
   410  0178  3408               	retlw	8
   411  0179  3408               	retlw	8
   412  017A  3408               	retlw	8
   413  017B  3408               	retlw	8
   414  017C  3408               	retlw	8
   415  017D  3408               	retlw	8
   416  017E  3408               	retlw	8
   417  017F  3408               	retlw	8
   418  0180  3408               	retlw	8
   419  0181  3408               	retlw	8
   420  0182  3408               	retlw	8
   421  0183  3408               	retlw	8
   422  0184  3408               	retlw	8
   423  0185  3408               	retlw	8
   424  0186  3408               	retlw	8
   425  0187  3408               	retlw	8
   426  0188  3408               	retlw	8
   427  0189  3408               	retlw	8
   428  018A  3408               	retlw	8
   429  018B  3408               	retlw	8
   430  018C  3408               	retlw	8
   431  018D  3408               	retlw	8
   432  018E  3408               	retlw	8
   433  018F  3408               	retlw	8
   434  0190  3408               	retlw	8
   435  0191  3408               	retlw	8
   436  0192  3408               	retlw	8
   437  0193  3408               	retlw	8
   438  0194  3408               	retlw	8
   439  0195  3408               	retlw	8
   440  0196  3408               	retlw	8
   441  0197  3408               	retlw	8
   442  0198  3408               	retlw	8
   443  0199  3408               	retlw	8
   444  019A  3408               	retlw	8
   445  019B  3408               	retlw	8
   446  019C  3408               	retlw	8
   447  019D  3408               	retlw	8
   448  019E  3408               	retlw	8
   449  019F  3408               	retlw	8
   450  01A0  3408               	retlw	8
   451  01A1  3408               	retlw	8
   452  01A2  3408               	retlw	8
   453  01A3  3408               	retlw	8
   454  01A4  3408               	retlw	8
   455  01A5  3408               	retlw	8
   456  01A6  3408               	retlw	8
   457  01A7  3408               	retlw	8
   458  01A8  3408               	retlw	8
   459  01A9  3408               	retlw	8
   460  01AA  3408               	retlw	8
   461  01AB  3408               	retlw	8
   462  01AC  3408               	retlw	8
   463  01AD  3408               	retlw	8
   464  01AE  3408               	retlw	8
   465  01AF  3408               	retlw	8
   466  01B0  3408               	retlw	8
   467  01B1  3408               	retlw	8
   468  01B2  3408               	retlw	8
   469  01B3  3408               	retlw	8
   470  01B4  3408               	retlw	8
   471  01B5  3408               	retlw	8
   472  01B6  3408               	retlw	8
   473  01B7  3408               	retlw	8
   474  01B8  3408               	retlw	8
   475  01B9  3408               	retlw	8
   476  01BA  3408               	retlw	8
   477  01BB  3408               	retlw	8
   478  01BC  3408               	retlw	8
   479  01BD  3408               	retlw	8
   480  01BE  3408               	retlw	8
   481  01BF  3408               	retlw	8
   482  01C0  3408               	retlw	8
   483  01C1  3408               	retlw	8
   484  01C2  3408               	retlw	8
   485  01C3  3408               	retlw	8
   486  01C4  3408               	retlw	8
   487  01C5  3408               	retlw	8
   488  01C6  3408               	retlw	8
   489  01C7  3408               	retlw	8
   490  01C8  3408               	retlw	8
   491  01C9  3408               	retlw	8
   492  01CA  3408               	retlw	8
   493  01CB  3408               	retlw	8
   494  01CC  3408               	retlw	8
   495  01CD  3408               	retlw	8
   496  01CE  3408               	retlw	8
   497  01CF  3408               	retlw	8
   498  01D0  3408               	retlw	8
   499  01D1  3408               	retlw	8
   500  01D2  3408               	retlw	8
   501  01D3  3408               	retlw	8
   502  01D4  3408               	retlw	8
   503  01D5  3408               	retlw	8
   504  01D6  3408               	retlw	8
   505  01D7  3408               	retlw	8
   506  01D8  3408               	retlw	8
   507  01D9  3408               	retlw	8
   508  01DA  3408               	retlw	8
   509  01DB  3408               	retlw	8
   510  01DC  3408               	retlw	8
   511  01DD  3408               	retlw	8
   512  01DE  3408               	retlw	8
   513  01DF  3408               	retlw	8
   514  01E0  3408               	retlw	8
   515  01E1  3408               	retlw	8
   516  01E2  3408               	retlw	8
   517  01E3  3408               	retlw	8
   518  01E4  3408               	retlw	8
   519  01E5  3408               	retlw	8
   520  01E6  3408               	retlw	8
   521  01E7  3408               	retlw	8
   522  01E8  3408               	retlw	8
   523  01E9  3408               	retlw	8
   524  01EA  3408               	retlw	8
   525  01EB  3408               	retlw	8
   526  01EC  3408               	retlw	8
   527  01ED  3408               	retlw	8
   528  01EE  3408               	retlw	8
   529  01EF  3408               	retlw	8
   530  01F0  3408               	retlw	8
   531  01F1  3408               	retlw	8
   532  01F2  3408               	retlw	8
   533  01F3  3408               	retlw	8
   534  01F4  3408               	retlw	8
   535  01F5  3408               	retlw	8
   536  01F6  3408               	retlw	8
   537  01F7  3408               	retlw	8
   538  01F8  3408               	retlw	8
   539  01F9  3408               	retlw	8
   540  01FA  3408               	retlw	8
   541  01FB  3408               	retlw	8
   542  01FC  3408               	retlw	8
   543  01FD  3408               	retlw	8
   544  01FE  3408               	retlw	8
   545  01FF  3408               	retlw	8
   546  0200  3408               	retlw	8
   547  0201  3408               	retlw	8
   548  0202  3408               	retlw	8
   549  0203  3408               	retlw	8
   550  0204  3408               	retlw	8
   551  0205  3408               	retlw	8
   552  0206  3408               	retlw	8
   553  0207  3408               	retlw	8
   554  0208  3408               	retlw	8
   555  0209  3408               	retlw	8
   556  020A  3408               	retlw	8
   557  020B  3408               	retlw	8
   558  020C  3408               	retlw	8
   559  020D  3408               	retlw	8
   560  020E  3408               	retlw	8
   561  020F  3408               	retlw	8
   562  0210  3408               	retlw	8
   563  0211  3408               	retlw	8
   564  0212  3408               	retlw	8
   565  0213  3408               	retlw	8
   566  0214  3408               	retlw	8
   567  0215  3408               	retlw	8
   568  0216  3408               	retlw	8
   569  0217  3408               	retlw	8
   570  0218  3408               	retlw	8
   571  0219  3408               	retlw	8
   572  021A  3408               	retlw	8
   573  021B  3408               	retlw	8
   574  021C  3408               	retlw	8
   575  021D  3408               	retlw	8
   576  021E  3408               	retlw	8
   577  021F  3408               	retlw	8
   578  0220  3408               	retlw	8
   579  0221  3408               	retlw	8
   580  0222  3408               	retlw	8
   581  0223  3408               	retlw	8
   582  0224  3408               	retlw	8
   583  0225  3408               	retlw	8
   584  0226  3408               	retlw	8
   585  0227  3408               	retlw	8
   586  0228  3408               	retlw	8
   587  0229  3408               	retlw	8
   588  022A  3408               	retlw	8
   589  022B  3408               	retlw	8
   590  022C  3408               	retlw	8
   591  022D  3408               	retlw	8
   592  022E  3408               	retlw	8
   593  022F  3408               	retlw	8
   594  0230  3408               	retlw	8
   595  0231  3408               	retlw	8
   596  0232  3408               	retlw	8
   597  0233  3408               	retlw	8
   598  0234  3408               	retlw	8
   599  0235  3408               	retlw	8
   600  0236  3408               	retlw	8
   601  0237  3408               	retlw	8
   602  0238  3408               	retlw	8
   603  0239  3408               	retlw	8
   604  023A  3408               	retlw	8
   605  023B  3408               	retlw	8
   606  023C                     __end_of_ROM_COMBO_Patterns:	
   607  023C                     _ROM_Sub_Patterns_Time:	
   608  023C  340E               	retlw	14
   609  023D  3409               	retlw	9
   610  023E  3400               	retlw	0
   611  023F  3400               	retlw	0
   612  0240  3400               	retlw	0
   613  0241  3400               	retlw	0
   614  0242  3400               	retlw	0
   615  0243  340A               	retlw	10
   616  0244  340A               	retlw	10
   617  0245  3406               	retlw	6
   618  0246  3400               	retlw	0
   619  0247  3400               	retlw	0
   620  0248  3400               	retlw	0
   621  0249  3400               	retlw	0
   622  024A  3419               	retlw	25
   623  024B  340E               	retlw	14
   624  024C  3400               	retlw	0
   625  024D  3400               	retlw	0
   626  024E  3400               	retlw	0
   627  024F  3400               	retlw	0
   628  0250  3400               	retlw	0
   629  0251  3410               	retlw	16
   630  0252  340F               	retlw	15
   631  0253  3408               	retlw	8
   632  0254  3400               	retlw	0
   633  0255  3400               	retlw	0
   634  0256  3400               	retlw	0
   635  0257  3400               	retlw	0
   636  0258  3410               	retlw	16
   637  0259  3408               	retlw	8
   638  025A  340F               	retlw	15
   639  025B  3400               	retlw	0
   640  025C  3400               	retlw	0
   641  025D  3400               	retlw	0
   642  025E  3400               	retlw	0
   643  025F  340B               	retlw	11
   644  0260  3404               	retlw	4
   645  0261  340B               	retlw	11
   646  0262  3404               	retlw	4
   647  0263  340A               	retlw	10
   648  0264  3400               	retlw	0
   649  0265  3400               	retlw	0
   650  0266  340A               	retlw	10
   651  0267  3405               	retlw	5
   652  0268  340A               	retlw	10
   653  0269  3401               	retlw	1
   654  026A  3400               	retlw	0
   655  026B  3400               	retlw	0
   656  026C  3400               	retlw	0
   657  026D  3407               	retlw	7
   658  026E  3403               	retlw	3
   659  026F  3406               	retlw	6
   660  0270  3403               	retlw	3
   661  0271  3406               	retlw	6
   662  0272  3401               	retlw	1
   663  0273  3400               	retlw	0
   664  0274  340A               	retlw	10
   665  0275  340A               	retlw	10
   666  0276  3406               	retlw	6
   667  0277  3400               	retlw	0
   668  0278  3400               	retlw	0
   669  0279  3400               	retlw	0
   670  027A  3400               	retlw	0
   671  027B  3408               	retlw	8
   672  027C  3409               	retlw	9
   673  027D  3400               	retlw	0
   674  027E  3400               	retlw	0
   675  027F  3400               	retlw	0
   676  0280  3400               	retlw	0
   677  0281  3400               	retlw	0
   678  0282  3408               	retlw	8
   679  0283  3408               	retlw	8
   680  0284  3400               	retlw	0
   681  0285  3400               	retlw	0
   682  0286  3400               	retlw	0
   683  0287  3400               	retlw	0
   684  0288  3400               	retlw	0
   685  0289  3403               	retlw	3
   686  028A  3403               	retlw	3
   687  028B  3407               	retlw	7
   688  028C  3400               	retlw	0
   689  028D  3400               	retlw	0
   690  028E  3400               	retlw	0
   691  028F  3400               	retlw	0
   692  0290  3407               	retlw	7
   693  0291  3408               	retlw	8
   694  0292  3400               	retlw	0
   695  0293  3400               	retlw	0
   696  0294  3400               	retlw	0
   697  0295  3400               	retlw	0
   698  0296  3400               	retlw	0
   699  0297  3403               	retlw	3
   700  0298  3403               	retlw	3
   701  0299  3403               	retlw	3
   702  029A  3403               	retlw	3
   703  029B  3403               	retlw	3
   704  029C  3403               	retlw	3
   705  029D  3407               	retlw	7
   706  029E  340D               	retlw	13
   707  029F  340D               	retlw	13
   708  02A0  3400               	retlw	0
   709  02A1  3400               	retlw	0
   710  02A2  3400               	retlw	0
   711  02A3  3400               	retlw	0
   712  02A4  3400               	retlw	0
   713  02A5  3404               	retlw	4
   714  02A6  3407               	retlw	7
   715  02A7  3400               	retlw	0
   716  02A8  3400               	retlw	0
   717  02A9  3400               	retlw	0
   718  02AA  3400               	retlw	0
   719  02AB  3400               	retlw	0
   720  02AC  3404               	retlw	4
   721  02AD  3406               	retlw	6
   722  02AE  3400               	retlw	0
   723  02AF  3400               	retlw	0
   724  02B0  3400               	retlw	0
   725  02B1  3400               	retlw	0
   726  02B2  3400               	retlw	0
   727  02B3                     __end_of_ROM_Sub_Patterns_Time:	
   728  02B3                     _ROM_Sub_Patterns:	
   729  02B3  3400               	retlw	0
   730  02B4  3400               	retlw	0
   731  02B5  3400               	retlw	0
   732  02B6  3400               	retlw	0
   733  02B7  3400               	retlw	0
   734  02B8  3400               	retlw	0
   735  02B9  3400               	retlw	0
   736  02BA  3403               	retlw	3
   737  02BB  3403               	retlw	3
   738  02BC  3400               	retlw	0
   739  02BD  3403               	retlw	3
   740  02BE  3403               	retlw	3
   741  02BF  3403               	retlw	3
   742  02C0  3403               	retlw	3
   743  02C1  3400               	retlw	0
   744  02C2  3400               	retlw	0
   745  02C3  3400               	retlw	0
   746  02C4  3400               	retlw	0
   747  02C5  3400               	retlw	0
   748  02C6  3400               	retlw	0
   749  02C7  3400               	retlw	0
   750  02C8  3403               	retlw	3
   751  02C9  3403               	retlw	3
   752  02CA  3400               	retlw	0
   753  02CB  3400               	retlw	0
   754  02CC  3403               	retlw	3
   755  02CD  3403               	retlw	3
   756  02CE  3403               	retlw	3
   757  02CF  3403               	retlw	3
   758  02D0  3400               	retlw	0
   759  02D1  3403               	retlw	3
   760  02D2  3400               	retlw	0
   761  02D3  3403               	retlw	3
   762  02D4  3400               	retlw	0
   763  02D5  3403               	retlw	3
   764  02D6  3403               	retlw	3
   765  02D7  3400               	retlw	0
   766  02D8  3403               	retlw	3
   767  02D9  3400               	retlw	0
   768  02DA  3403               	retlw	3
   769  02DB  3400               	retlw	0
   770  02DC  3403               	retlw	3
   771  02DD  3403               	retlw	3
   772  02DE  3400               	retlw	0
   773  02DF  3403               	retlw	3
   774  02E0  3400               	retlw	0
   775  02E1  3400               	retlw	0
   776  02E2  3400               	retlw	0
   777  02E3  3403               	retlw	3
   778  02E4  3403               	retlw	3
   779  02E5  3400               	retlw	0
   780  02E6  3403               	retlw	3
   781  02E7  3400               	retlw	0
   782  02E8  3403               	retlw	3
   783  02E9  3400               	retlw	0
   784  02EA  3403               	retlw	3
   785  02EB  3403               	retlw	3
   786  02EC  3403               	retlw	3
   787  02ED  3403               	retlw	3
   788  02EE  3403               	retlw	3
   789  02EF  3403               	retlw	3
   790  02F0  3403               	retlw	3
   791  02F1  3403               	retlw	3
   792  02F2  3400               	retlw	0
   793  02F3  3400               	retlw	0
   794  02F4  3400               	retlw	0
   795  02F5  3400               	retlw	0
   796  02F6  3400               	retlw	0
   797  02F7  3400               	retlw	0
   798  02F8  3400               	retlw	0
   799  02F9  3403               	retlw	3
   800  02FA  3403               	retlw	3
   801  02FB  3403               	retlw	3
   802  02FC  3403               	retlw	3
   803  02FD  3403               	retlw	3
   804  02FE  3403               	retlw	3
   805  02FF  3403               	retlw	3
   806  0300  3403               	retlw	3
   807  0301  3400               	retlw	0
   808  0302  3403               	retlw	3
   809  0303  3400               	retlw	0
   810  0304  3403               	retlw	3
   811  0305  3400               	retlw	0
   812  0306  3403               	retlw	3
   813  0307  3400               	retlw	0
   814  0308  3400               	retlw	0
   815  0309  3400               	retlw	0
   816  030A  3400               	retlw	0
   817  030B  3400               	retlw	0
   818  030C  3400               	retlw	0
   819  030D  3400               	retlw	0
   820  030E  3403               	retlw	3
   821  030F  3400               	retlw	0
   822  0310  3403               	retlw	3
   823  0311  3400               	retlw	0
   824  0312  3403               	retlw	3
   825  0313  3400               	retlw	0
   826  0314  3403               	retlw	3
   827  0315  3400               	retlw	0
   828  0316  3400               	retlw	0
   829  0317  3400               	retlw	0
   830  0318  3400               	retlw	0
   831  0319  3400               	retlw	0
   832  031A  3400               	retlw	0
   833  031B  3400               	retlw	0
   834  031C  3403               	retlw	3
   835  031D  3403               	retlw	3
   836  031E  3403               	retlw	3
   837  031F  3403               	retlw	3
   838  0320  3403               	retlw	3
   839  0321  3403               	retlw	3
   840  0322  3403               	retlw	3
   841  0323  3400               	retlw	0
   842  0324  3400               	retlw	0
   843  0325  3400               	retlw	0
   844  0326  3400               	retlw	0
   845  0327  3400               	retlw	0
   846  0328  3400               	retlw	0
   847  0329  3400               	retlw	0
   848  032A                     __end_of_ROM_Sub_Patterns:	
   849  000B                     _INTCON	set	11
   850  0019                     _CMCON0	set	25
   851  0018                     _WDTCON	set	24
   852  0005                     _GPIO	set	5
   853  0001                     _TMR0	set	1
   854  000B                     _INTCONbits	set	11
   855  0085                     _TRISIObits	set	133
   856  0085                     _TRISIO	set	133
   857  009F                     _ANSEL	set	159
   858  0095                     _WPU	set	149
   859  0081                     _OPTION_REGbits	set	129
   860  008F                     _OSCCONbits	set	143
   861  008F                     _OSCCON	set	143
   862                           
   863                           ; #config settings
   864  0000                     
   865                           	psect	cinit
   866  0010                     start_initialization:	
   867  0010                     __initialization:	
   868                           
   869                           ; Initialize objects allocated to BANK0
   870  0010  2397               	fcall	__pidataBANK0	;fetch initializer
   871  0011  00C9               	movwf	__pdataBANK0& (0+127)
   872                           
   873                           ; Clear objects allocated to BANK0
   874  0012  1383               	bcf	3,7	;select IRP bank0
   875  0013  3020               	movlw	low __pbssBANK0
   876  0014  0084               	movwf	4
   877  0015  3049               	movlw	low (__pbssBANK0+41)
   878  0016  2382               	fcall	clear_ram0
   879                           
   880                           ; Clear objects allocated to COMMON
   881  0017  3070               	movlw	low __pbssCOMMON
   882  0018  0084               	movwf	4
   883  0019  3078               	movlw	low (__pbssCOMMON+8)
   884  001A  2382               	fcall	clear_ram0
   885  001B                     end_of_initialization:	
   886                           ;End of C runtime variable initialization code
   887                           
   888  001B                     __end_of__initialization:	
   889  001B  0183               	clrf	3
   890  001C  2B92               	ljmp	_main	;jump to C main() function
   891                           
   892                           	psect	bssEEDATA
   893  0000                     __pbssEEDATA:	
   894  0000                     _EEprom_InPhase:	
   895  0000  0000               	db	0
   896  0001  0000               	db	0
   897  0002                     _EEprom_mode:	
   898  0002  0000               	db	0
   899  0003  0000               	db	0
   900  0004                     _EEprom_Written_Flag:	
   901  0004  0000               	db	0
   902                           
   903                           	psect	bssCOMMON
   904  0070                     __pbssCOMMON:	
   905  0070                     SetOUTPUT@pwmCounter:	
   906  0070                     	ds	1
   907  0071                     _GLOBAL_Selected_Mode_Type:	
   908  0071                     	ds	1
   909  0072                     _GLOBAL_combo_patterns_index:	
   910  0072                     	ds	1
   911  0073                     _GLOBAL_sub_patterns_column_index:	
   912  0073                     	ds	1
   913  0074                     _GLOBAL_sub_patterns_index_copy:	
   914  0074                     	ds	1
   915  0075                     _GLOBAL_sub_patterns_index:	
   916  0075                     	ds	1
   917  0076                     isr@pwmCounter:	
   918  0076                     	ds	1
   919  0077                     isr@tenMSCounter:	
   920  0077                     	ds	1
   921                           
   922                           	psect	bssBANK0
   923  0020                     __pbssBANK0:	
   924  0020                     _bGLOBAL_InPhase_copy:	
   925  0020                     	ds	2
   926  0022                     _GLOBAL_Mode_copy:	
   927  0022                     	ds	2
   928  0024                     SetOUTPUT@temporaryGPIO:	
   929  0024                     	ds	1
   930  0025                     _GLOBAL_CHANNELS_EN_DUAL:	
   931  0025                     	ds	1
   932  0026                     _bDualColor:	
   933  0026                     	ds	1
   934  0027                     _channelToBeDisplayed:	
   935  0027                     	ds	1
   936  0028                     _OUTPUT_BUFFER_COPY:	
   937  0028                     	ds	1
   938  0029                     _OUTPUT_BUFFER:	
   939  0029                     	ds	1
   940  002A                     _bGLOBAL_STEADY_ON:	
   941  002A                     	ds	1
   942  002B                     _bGLOBAL_OUTPUT_BUFFER_CHANGED:	
   943  002B                     	ds	1
   944  002C                     _bGLOBAL_SYNC_Line_PRESSED:	
   945  002C                     	ds	1
   946  002D                     _bGLOBAL_MODE2_PRESSED:	
   947  002D                     	ds	1
   948  002E                     _bGLOBAL_MODE1_PRESSED:	
   949  002E                     	ds	1
   950  002F                     _bGLOBAL_ENABLE_LEDS:	
   951  002F                     	ds	1
   952  0030                     _bGLOBAL_InPhase:	
   953  0030                     	ds	1
   954  0031                     _bGLOBAL_IS_PROGRAMMING:	
   955  0031                     	ds	1
   956  0032                     _bGLOBAL_END_OF_CYCLE_COND2:	
   957  0032                     	ds	1
   958  0033                     _bGLOBAL_END_OF_CYCLE_COND1:	
   959  0033                     	ds	1
   960  0034                     _bGLOBAL_SYNC_SENT:	
   961  0034                     	ds	1
   962  0035                     _bGLOBAL_CHANGING_PATTERN_Enforce:	
   963  0035                     	ds	1
   964  0036                     _bGLOBAL_CHANGING_PATTERN:	
   965  0036                     	ds	1
   966  0037                     _bGLOBAL_DISABLE_SYNC_Line_PRESSED:	
   967  0037                     	ds	1
   968  0038                     _GLOBAL_CHANNELS_EN_copy:	
   969  0038                     	ds	1
   970  0039                     _GLOBAL_CHANNELS_EN:	
   971  0039                     	ds	1
   972  003A                     _GLOBAL_SYNC_PULSE_Counter:	
   973  003A                     	ds	1
   974  003B                     _GLOBAL_MODE2_LOW_counter:	
   975  003B                     	ds	1
   976  003C                     _GLOBAL_SYNC_Line_LOW_counter:	
   977  003C                     	ds	1
   978  003D                     _GLOBAL_MODE1_LOW_counter:	
   979  003D                     	ds	1
   980  003E                     _GLOBAL_MODE2_counter:	
   981  003E                     	ds	1
   982  003F                     _GLOBAL_SYNC_Line_counter:	
   983  003F                     	ds	1
   984  0040                     _GLOBAL_MODE1_counter:	
   985  0040                     	ds	1
   986  0041                     _GLOBAL_Dummy_Counter2:	
   987  0041                     	ds	1
   988  0042                     _GLOBAL_Dummy_Counter:	
   989  0042                     	ds	1
   990  0043                     _GLOBAL_Selected_Mode_Type_copy:	
   991  0043                     	ds	1
   992  0044                     _GLOBAL_Selected_Mode_Number:	
   993  0044                     	ds	1
   994  0045                     _GLOBAL_combo_patterns_counter:	
   995  0045                     	ds	1
   996  0046                     _GLOBAL_sub_patterns_timer:	
   997  0046                     	ds	1
   998  0047                     _GLOBAL_combo_patterns_column_index:	
   999  0047                     	ds	1
  1000  0048                     _GLOBAL_combo_patterns_index_copy:	
  1001  0048                     	ds	1
  1002                           
  1003                           	psect	dataBANK0
  1004  0049                     __pdataBANK0:	
  1005  0049                     _pwmBool:	
  1006  0049                     	ds	1
  1007                           
  1008                           	psect	clrtext
  1009  0382                     clear_ram0:	
  1010                           ;	Called with FSR containing the base address, and
  1011                           ;	W with the last address+1
  1012                           
  1013  0382  0064               	clrwdt	;clear the watchdog before getting into this loop
  1014  0383                     clrloop0:	
  1015  0383  0180               	clrf	0	;clear RAM location pointed to by FSR
  1016  0384  0A84               	incf	4,f	;increment pointer
  1017  0385  0604               	xorwf	4,w	;XOR with final address
  1018  0386  1903               	btfsc	3,2	;have we reached the end yet?
  1019  0387  3400               	retlw	0	;all done for this memory range, return
  1020  0388  0604               	xorwf	4,w	;XOR again to restore value
  1021  0389  2B83               	goto	clrloop0	;do the next byte
  1022                           
  1023                           	psect	cstackCOMMON
  1024  0078                     __pcstackCOMMON:	
  1025  0078                     ?_SetOUTPUT:	
  1026  0078                     ??_SetOUTPUT:	
  1027                           ; 1 bytes @ 0x0
  1028                           
  1029  0078                     ?_ConfigureOscillator:	
  1030                           ; 1 bytes @ 0x0
  1031                           
  1032  0078                     ?_InitApp:	
  1033                           ; 1 bytes @ 0x0
  1034                           
  1035  0078                     ?_isr:	
  1036                           ; 1 bytes @ 0x0
  1037                           
  1038  0078                     ?_WaitForSYNC_PU:	
  1039                           ; 1 bytes @ 0x0
  1040                           
  1041  0078                     ?_Initial_Start:	
  1042                           ; 1 bytes @ 0x0
  1043                           
  1044  0078                     ?_main:	
  1045                           ; 1 bytes @ 0x0
  1046                           
  1047                           
  1048                           ; 1 bytes @ 0x0
  1049  0078                     	ds	1
  1050  0079                     ??_isr:	
  1051                           
  1052                           ; 1 bytes @ 0x1
  1053  0079                     	ds	5
  1054                           
  1055                           	psect	cstackBANK0
  1056  0000                     __pcstackBANK0:	
  1057  0000                     ??_ConfigureOscillator:	
  1058  0000                     ??_InitApp:	
  1059                           ; 1 bytes @ 0x0
  1060                           
  1061  0000                     ??_WaitForSYNC_PU:	
  1062                           ; 1 bytes @ 0x0
  1063                           
  1064  0000                     ??_Initial_Start:	
  1065                           ; 1 bytes @ 0x0
  1066                           
  1067  0000                     ??_main:	
  1068                           ; 1 bytes @ 0x0
  1069                           
  1070                           
  1071                           	psect	maintext
  1072  0392                     __pmaintext:	
  1073                           ; 1 bytes @ 0x0
  1074 ;;
  1075 ;;Main: autosize = 0, tempsize = 0, incstack = 0, save=0
  1076 ;;
  1077 ;; *************** function _main *****************
  1078 ;; Defined at:
  1079 ;;		line 591 in file "main.c"
  1080 ;; Parameters:    Size  Location     Type
  1081 ;;		None
  1082 ;; Auto vars:     Size  Location     Type
  1083 ;;  tempvar1        1    0        unsigned char 
  1084 ;; Return value:  Size  Location     Type
  1085 ;;                  1    wreg      void 
  1086 ;; Registers used:
  1087 ;;		wreg, status,2, status,0, pclath, cstack
  1088 ;; Tracked objects:
  1089 ;;		On entry : B00/0
  1090 ;;		On exit  : 0/0
  1091 ;;		Unchanged: 0/0
  1092 ;; Data sizes:     COMMON   BANK0   BANK1
  1093 ;;      Params:         0       0       0
  1094 ;;      Locals:         0       0       0
  1095 ;;      Temps:          0       0       0
  1096 ;;      Totals:         0       0       0
  1097 ;;Total ram usage:        0 bytes
  1098 ;; Hardware stack levels required when called:    4
  1099 ;; This function calls:
  1100 ;;		_ConfigureOscillator
  1101 ;;		_InitApp
  1102 ;;		_Initial_Start
  1103 ;; This function is called by:
  1104 ;;		Startup code after reset
  1105 ;; This function uses a non-reentrant model
  1106 ;;
  1107                           
  1108                           
  1109                           ;psect for function _main
  1110  0392                     _main:	
  1111                           
  1112                           ;main.c: 593: unsigned char tempvar1;
  1113                           ;main.c: 595: ConfigureOscillator();
  1114                           
  1115                           ;incstack = 0
  1116                           ; Regs used in _main: [wreg+status,2+status,0+pclath+cstack]
  1117  0392  238A               	fcall	_ConfigureOscillator
  1118                           
  1119                           ;main.c: 597: InitApp();
  1120  0393  232A               	fcall	_InitApp
  1121                           
  1122                           ;main.c: 598: Initial_Start();
  1123  0394  2398               	fcall	_Initial_Start
  1124  0395                     l162:	
  1125                           ;main.c: 601: while(1)
  1126                           
  1127  0395  0064               	clrwdt	;# 
  1128  0396  2B95               	goto	l162
  1129  0397                     __end_of_main:	
  1130                           
  1131                           	psect	text1
  1132  0398                     __ptext1:	
  1133 ;; *************** function _Initial_Start *****************
  1134 ;; Defined at:
  1135 ;;		line 573 in file "main.c"
  1136 ;; Parameters:    Size  Location     Type
  1137 ;;		None
  1138 ;; Auto vars:     Size  Location     Type
  1139 ;;		None
  1140 ;; Return value:  Size  Location     Type
  1141 ;;                  1    wreg      void 
  1142 ;; Registers used:
  1143 ;;		None
  1144 ;; Tracked objects:
  1145 ;;		On entry : 0/0
  1146 ;;		On exit  : 0/0
  1147 ;;		Unchanged: 0/0
  1148 ;; Data sizes:     COMMON   BANK0   BANK1
  1149 ;;      Params:         0       0       0
  1150 ;;      Locals:         0       0       0
  1151 ;;      Temps:          0       0       0
  1152 ;;      Totals:         0       0       0
  1153 ;;Total ram usage:        0 bytes
  1154 ;; Hardware stack levels used:    1
  1155 ;; Hardware stack levels required when called:    2
  1156 ;; This function calls:
  1157 ;;		Nothing
  1158 ;; This function is called by:
  1159 ;;		_main
  1160 ;; This function uses a non-reentrant model
  1161 ;;
  1162                           
  1163                           
  1164                           ;psect for function _Initial_Start
  1165  0398                     _Initial_Start:	
  1166                           
  1167                           ;incstack = 0
  1168                           ; Regs used in _Initial_Start: []
  1169  0398  0008               	return
  1170  0399                     __end_of_Initial_Start:	
  1171                           
  1172                           	psect	text2
  1173  032A                     __ptext2:	
  1174 ;; *************** function _InitApp *****************
  1175 ;; Defined at:
  1176 ;;		line 22 in file "user.c"
  1177 ;; Parameters:    Size  Location     Type
  1178 ;;		None
  1179 ;; Auto vars:     Size  Location     Type
  1180 ;;		None
  1181 ;; Return value:  Size  Location     Type
  1182 ;;                  1    wreg      void 
  1183 ;; Registers used:
  1184 ;;		wreg, status,2, status,0, pclath, cstack
  1185 ;; Tracked objects:
  1186 ;;		On entry : 0/0
  1187 ;;		On exit  : 0/0
  1188 ;;		Unchanged: 0/0
  1189 ;; Data sizes:     COMMON   BANK0   BANK1
  1190 ;;      Params:         0       0       0
  1191 ;;      Locals:         0       0       0
  1192 ;;      Temps:          0       0       0
  1193 ;;      Totals:         0       0       0
  1194 ;;Total ram usage:        0 bytes
  1195 ;; Hardware stack levels used:    1
  1196 ;; Hardware stack levels required when called:    3
  1197 ;; This function calls:
  1198 ;;		_WaitForSYNC_PU
  1199 ;; This function is called by:
  1200 ;;		_main
  1201 ;; This function uses a non-reentrant model
  1202 ;;
  1203                           
  1204                           
  1205                           ;psect for function _InitApp
  1206  032A                     _InitApp:	
  1207                           
  1208                           ;user.c: 32: WDTCON = 0x17;
  1209                           
  1210                           ;incstack = 0
  1211                           ; Regs used in _InitApp: [wreg+status,2+status,0+pclath+cstack]
  1212  032A  3017               	movlw	23
  1213  032B  1283               	bcf	3,5	;RP0=0, select bank0
  1214  032C  0098               	movwf	24	;volatile
  1215                           
  1216                           ;user.c: 33: OPTION_REGbits.nGPPU = 0;
  1217  032D  1683               	bsf	3,5	;RP0=1, select bank1
  1218  032E  1381               	bcf	1,7	;volatile
  1219                           
  1220                           ;user.c: 34: WPU = 0x10;
  1221  032F  3010               	movlw	16
  1222  0330  0095               	movwf	21	;volatile
  1223                           
  1224                           ;user.c: 35: GPIO = 0;
  1225  0331  1283               	bcf	3,5	;RP0=0, select bank0
  1226  0332  0185               	clrf	5	;volatile
  1227                           
  1228                           ;user.c: 36: CMCON0 = 0x07;
  1229  0333  3007               	movlw	7
  1230  0334  0099               	movwf	25	;volatile
  1231                           
  1232                           ;user.c: 37: ANSEL = 0;
  1233  0335  1683               	bsf	3,5	;RP0=1, select bank1
  1234  0336  019F               	clrf	31	;volatile
  1235                           
  1236                           ;user.c: 38: TRISIO = ~(0x1 + 0x2 + 0x20);
  1237  0337  30DC               	movlw	220
  1238  0338  0085               	movwf	5	;volatile
  1239                           
  1240                           ;user.c: 39: bGLOBAL_ENABLE_LEDS = 0;
  1241  0339  1283               	bcf	3,5	;RP0=0, select bank0
  1242  033A  01AF               	clrf	_bGLOBAL_ENABLE_LEDS	;volatile
  1243                           
  1244                           ;user.c: 41: OPTION_REGbits.T0CS = 0;
  1245  033B  1683               	bsf	3,5	;RP0=1, select bank1
  1246  033C  1281               	bcf	1,5	;volatile
  1247                           
  1248                           ;user.c: 42: OPTION_REGbits.PS = 0x3;
  1249  033D  0801               	movf	1,w	;volatile
  1250  033E  39F8               	andlw	-8
  1251  033F  3803               	iorlw	3
  1252  0340  0081               	movwf	1	;volatile
  1253                           
  1254                           ;user.c: 43: OPTION_REGbits.PSA = 0;
  1255  0341  1181               	bcf	1,3	;volatile
  1256  0342  0064               	clrwdt	;# 
  1257                           
  1258                           ;user.c: 47: WaitForSYNC_PU();
  1259  0343  2399               	fcall	_WaitForSYNC_PU
  1260                           
  1261                           ;user.c: 48: WPU = 0x00;
  1262  0344  1683               	bsf	3,5	;RP0=1, select bank1
  1263  0345  0195               	clrf	21	;volatile
  1264                           
  1265                           ;user.c: 49: TRISIObits.TRISIO4 = 0;
  1266  0346  1205               	bcf	5,4	;volatile
  1267                           
  1268                           ;user.c: 50: GPIO = 0;
  1269  0347  1283               	bcf	3,5	;RP0=0, select bank0
  1270  0348  0185               	clrf	5	;volatile
  1271                           
  1272                           ;user.c: 51: TRISIObits.TRISIO4 = 1;
  1273  0349  1683               	bsf	3,5	;RP0=1, select bank1
  1274  034A  1605               	bsf	5,4	;volatile
  1275                           
  1276                           ;user.c: 52: WaitForSYNC_PU();
  1277  034B  2399               	fcall	_WaitForSYNC_PU
  1278                           
  1279                           ;user.c: 53: TMR0 = 131;
  1280  034C  3083               	movlw	131
  1281  034D  1283               	bcf	3,5	;RP0=0, select bank0
  1282  034E  0081               	movwf	1	;volatile
  1283                           
  1284                           ;user.c: 54: INTCONbits.TMR0IF = 0;
  1285  034F  110B               	bcf	11,2	;volatile
  1286                           
  1287                           ;user.c: 55: INTCON = 0x20 + 0x80;
  1288  0350  30A0               	movlw	160
  1289  0351  008B               	movwf	11	;volatile
  1290  0352  0008               	return
  1291  0353                     __end_of_InitApp:	
  1292                           
  1293                           	psect	text3
  1294  0399                     __ptext3:	
  1295 ;; *************** function _WaitForSYNC_PU *****************
  1296 ;; Defined at:
  1297 ;;		line 370 in file "main.c"
  1298 ;; Parameters:    Size  Location     Type
  1299 ;;		None
  1300 ;; Auto vars:     Size  Location     Type
  1301 ;;		None
  1302 ;; Return value:  Size  Location     Type
  1303 ;;                  1    wreg      void 
  1304 ;; Registers used:
  1305 ;;		None
  1306 ;; Tracked objects:
  1307 ;;		On entry : 0/0
  1308 ;;		On exit  : 0/0
  1309 ;;		Unchanged: 0/0
  1310 ;; Data sizes:     COMMON   BANK0   BANK1
  1311 ;;      Params:         0       0       0
  1312 ;;      Locals:         0       0       0
  1313 ;;      Temps:          0       0       0
  1314 ;;      Totals:         0       0       0
  1315 ;;Total ram usage:        0 bytes
  1316 ;; Hardware stack levels used:    1
  1317 ;; Hardware stack levels required when called:    2
  1318 ;; This function calls:
  1319 ;;		Nothing
  1320 ;; This function is called by:
  1321 ;;		_InitApp
  1322 ;; This function uses a non-reentrant model
  1323 ;;
  1324                           
  1325                           
  1326                           ;psect for function _WaitForSYNC_PU
  1327  0399                     _WaitForSYNC_PU:	
  1328                           
  1329                           ;incstack = 0
  1330                           ; Regs used in _WaitForSYNC_PU: []
  1331  0399  0008               	return
  1332  039A                     __end_of_WaitForSYNC_PU:	
  1333                           
  1334                           	psect	text4
  1335  038A                     __ptext4:	
  1336 ;; *************** function _ConfigureOscillator *****************
  1337 ;; Defined at:
  1338 ;;		line 18 in file "system.c"
  1339 ;; Parameters:    Size  Location     Type
  1340 ;;		None
  1341 ;; Auto vars:     Size  Location     Type
  1342 ;;		None
  1343 ;; Return value:  Size  Location     Type
  1344 ;;                  1    wreg      void 
  1345 ;; Registers used:
  1346 ;;		wreg
  1347 ;; Tracked objects:
  1348 ;;		On entry : 0/0
  1349 ;;		On exit  : 0/0
  1350 ;;		Unchanged: 0/0
  1351 ;; Data sizes:     COMMON   BANK0   BANK1
  1352 ;;      Params:         0       0       0
  1353 ;;      Locals:         0       0       0
  1354 ;;      Temps:          0       0       0
  1355 ;;      Totals:         0       0       0
  1356 ;;Total ram usage:        0 bytes
  1357 ;; Hardware stack levels used:    1
  1358 ;; Hardware stack levels required when called:    2
  1359 ;; This function calls:
  1360 ;;		Nothing
  1361 ;; This function is called by:
  1362 ;;		_main
  1363 ;; This function uses a non-reentrant model
  1364 ;;
  1365                           
  1366                           
  1367                           ;psect for function _ConfigureOscillator
  1368  038A                     _ConfigureOscillator:	
  1369                           
  1370                           ;system.c: 27: OSCCON = 0x40 | 0x20 | 0x10 | 0x1 & (~0x8) ;
  1371                           
  1372                           ;incstack = 0
  1373                           ; Regs used in _ConfigureOscillator: [wreg]
  1374  038A  3071               	movlw	113
  1375  038B  1683               	bsf	3,5	;RP0=1, select bank1
  1376  038C  008F               	movwf	15	;volatile
  1377  038D                     l172:	
  1378                           ;system.c: 29: {}
  1379                           
  1380                           ;system.c: 28: while (OSCCONbits.HTS && OSCCONbits.LTS)
  1381                           
  1382  038D  1D0F               	btfss	15,2	;volatile
  1383  038E  0008               	return
  1384  038F  1C8F               	btfss	15,1	;volatile
  1385  0390  0008               	return
  1386  0391  2B8D               	goto	l172
  1387  0392                     __end_of_ConfigureOscillator:	
  1388                           
  1389                           	psect	text5
  1390  0353                     __ptext5:	
  1391 ;; *************** function _isr *****************
  1392 ;; Defined at:
  1393 ;;		line 26 in file "interrupts.c"
  1394 ;; Parameters:    Size  Location     Type
  1395 ;;		None
  1396 ;; Auto vars:     Size  Location     Type
  1397 ;;  temp_data1      1    0        volatile unsigned char 
  1398 ;; Return value:  Size  Location     Type
  1399 ;;                  1    wreg      void 
  1400 ;; Registers used:
  1401 ;;		wreg, status,2, status,0, pclath, cstack
  1402 ;; Tracked objects:
  1403 ;;		On entry : 0/0
  1404 ;;		On exit  : 0/0
  1405 ;;		Unchanged: 0/0
  1406 ;; Data sizes:     COMMON   BANK0   BANK1
  1407 ;;      Params:         0       0       0
  1408 ;;      Locals:         0       0       0
  1409 ;;      Temps:          5       0       0
  1410 ;;      Totals:         5       0       0
  1411 ;;Total ram usage:        5 bytes
  1412 ;; Hardware stack levels used:    1
  1413 ;; Hardware stack levels required when called:    1
  1414 ;; This function calls:
  1415 ;;		_SetOUTPUT
  1416 ;; This function is called by:
  1417 ;;		Interrupt level 1
  1418 ;; This function uses a non-reentrant model
  1419 ;;
  1420                           
  1421                           
  1422                           ;psect for function _isr
  1423  0353                     _isr:	
  1424                           
  1425                           ;interrupts.c: 28: volatile unsigned char temp_data1;
  1426                           ;interrupts.c: 29: static unsigned char tenMSCounter = 0;
  1427                           ;interrupts.c: 30: static unsigned char pwmCounter = 0;
  1428                           ;interrupts.c: 57: if (INTCONbits.TMR0IF && INTCONbits.TMR0IE)
  1429  0353  190B               	btfsc	11,2	;volatile
  1430  0354  1E8B               	btfss	11,5	;volatile
  1431  0355  2B62               	goto	i1l17
  1432                           
  1433                           ;interrupts.c: 58: {
  1434                           ;interrupts.c: 59: TMR0 = 131;
  1435  0356  3083               	movlw	131
  1436  0357  0081               	movwf	1	;volatile
  1437                           
  1438                           ;interrupts.c: 63: SetOUTPUT();
  1439  0358  236E               	fcall	_SetOUTPUT
  1440                           
  1441                           ;interrupts.c: 66: tenMSCounter++;
  1442  0359  3001               	movlw	1
  1443  035A  00F9               	movwf	??_isr
  1444  035B  0879               	movf	??_isr,w
  1445  035C  07F7               	addwf	isr@tenMSCounter,f
  1446                           
  1447                           ;interrupts.c: 67: if(tenMSCounter>9)
  1448  035D  300A               	movlw	10
  1449  035E  0277               	subwf	isr@tenMSCounter,w
  1450  035F  1803               	btfsc	3,0
  1451                           
  1452                           ;interrupts.c: 68: {
  1453                           ;interrupts.c: 69: tenMSCounter = 0;
  1454  0360  01F7               	clrf	isr@tenMSCounter
  1455                           
  1456                           ;interrupts.c: 188: }
  1457                           ;interrupts.c: 189: INTCONbits.TMR0IF = 0;
  1458  0361  110B               	bcf	11,2	;volatile
  1459  0362                     i1l17:	
  1460  0362  087D               	movf	??_isr+4,w
  1461  0363  1283               	bcf	3,5	;RP0=0, select bank0
  1462  0364  00FF               	movwf	127
  1463  0365  087C               	movf	??_isr+3,w
  1464  0366  008A               	movwf	10
  1465  0367  087B               	movf	??_isr+2,w
  1466  0368  0084               	movwf	4
  1467  0369  0E7A               	swapf	(??_isr+1)^(0+-128),w
  1468  036A  0083               	movwf	3
  1469  036B  0EFE               	swapf	126,f
  1470  036C  0E7E               	swapf	126,w
  1471  036D  0009               	retfie
  1472  036E                     __end_of_isr:	
  1473                           
  1474                           	psect	intentry
  1475  0004                     __pintentry:	
  1476                           ;incstack = 0
  1477                           ; Regs used in _isr: [wreg+status,2+status,0+pclath+cstack]
  1478                           
  1479  0004                     interrupt_function:	
  1480  007E                     saved_w	set	btemp
  1481  0004  00FE               	movwf	btemp
  1482  0005  0E03               	swapf	3,w
  1483  0006  00FA               	movwf	??_isr+1
  1484  0007  0804               	movf	4,w
  1485  0008  00FB               	movwf	??_isr+2
  1486  0009  080A               	movf	10,w
  1487  000A  00FC               	movwf	??_isr+3
  1488  000B  1283               	bcf	3,5	;RP0=0, select bank0
  1489  000C  087F               	movf	btemp+1,w
  1490  000D  00FD               	movwf	??_isr+4
  1491  000E  2B53               	ljmp	_isr
  1492                           
  1493                           	psect	text6
  1494  036E                     __ptext6:	
  1495 ;; *************** function _SetOUTPUT *****************
  1496 ;; Defined at:
  1497 ;;		line 315 in file "main.c"
  1498 ;; Parameters:    Size  Location     Type
  1499 ;;		None
  1500 ;; Auto vars:     Size  Location     Type
  1501 ;;		None
  1502 ;; Return value:  Size  Location     Type
  1503 ;;                  1    wreg      void 
  1504 ;; Registers used:
  1505 ;;		wreg, status,2, status,0
  1506 ;; Tracked objects:
  1507 ;;		On entry : 0/0
  1508 ;;		On exit  : 0/0
  1509 ;;		Unchanged: 0/0
  1510 ;; Data sizes:     COMMON   BANK0   BANK1
  1511 ;;      Params:         0       0       0
  1512 ;;      Locals:         0       0       0
  1513 ;;      Temps:          1       0       0
  1514 ;;      Totals:         1       0       0
  1515 ;;Total ram usage:        1 bytes
  1516 ;; Hardware stack levels used:    1
  1517 ;; This function calls:
  1518 ;;		Nothing
  1519 ;; This function is called by:
  1520 ;;		_isr
  1521 ;; This function uses a non-reentrant model
  1522 ;;
  1523                           
  1524                           
  1525                           ;psect for function _SetOUTPUT
  1526  036E                     _SetOUTPUT:	
  1527                           
  1528                           ;main.c: 317: static unsigned char temporaryGPIO = 0x00;
  1529                           ;main.c: 318: static unsigned char pwmCounter = 0;
  1530                           ;main.c: 330: pwmCounter++;
  1531                           
  1532                           ;incstack = 0
  1533                           ; Regs used in _SetOUTPUT: [wreg+status,2+status,0]
  1534  036E  3001               	movlw	1
  1535  036F  00F8               	movwf	??_SetOUTPUT
  1536  0370  0878               	movf	??_SetOUTPUT,w
  1537  0371  07F0               	addwf	SetOUTPUT@pwmCounter,f
  1538                           
  1539                           ;main.c: 331: if(pwmCounter<10)
  1540  0372  300A               	movlw	10
  1541  0373  0270               	subwf	SetOUTPUT@pwmCounter,w
  1542  0374  1803               	skipnc
  1543  0375  2B7A               	goto	i1l746
  1544                           
  1545                           ;main.c: 332: {
  1546                           ;main.c: 333: GPIO = 0xFF;
  1547  0376  30FF               	movlw	255
  1548  0377  1283               	bcf	3,5	;RP0=0, select bank0
  1549  0378  0085               	movwf	5	;volatile
  1550                           
  1551                           ;main.c: 334: }
  1552  0379  2B7C               	goto	i1l748
  1553  037A                     i1l746:	
  1554                           
  1555                           ;main.c: 335: else
  1556                           ;main.c: 336: {
  1557                           ;main.c: 337: GPIO = 0;
  1558  037A  1283               	bcf	3,5	;RP0=0, select bank0
  1559  037B  0185               	clrf	5	;volatile
  1560  037C                     i1l748:	
  1561                           
  1562                           ;main.c: 338: }
  1563                           ;main.c: 340: if(pwmCounter>10)
  1564  037C  300B               	movlw	11
  1565  037D  0270               	subwf	SetOUTPUT@pwmCounter,w
  1566  037E  1C03               	skipc
  1567  037F  0008               	return
  1568                           
  1569                           ;main.c: 341: {
  1570                           ;main.c: 342: pwmCounter = 0;
  1571  0380  01F0               	clrf	SetOUTPUT@pwmCounter
  1572  0381  0008               	return
  1573  0382                     __end_of_SetOUTPUT:	
  1574  007E                     btemp	set	126	;btemp
  1575  007E                     wtemp0	set	126


Data Sizes:
    Strings     0
    Constant    546
    Data        1
    BSS         54
    Persistent  0
    Stack       0

Auto Spaces:
    Space          Size  Autos    Used
    COMMON           14      6      14
    BANK0            80      0      42
    BANK1            32      0       0

Pointer List with Targets:

    None.

Critical Paths under _main in COMMON

    None.

Critical Paths under _isr in COMMON

    _isr->_SetOUTPUT

Critical Paths under _main in BANK0

    None.

Critical Paths under _isr in BANK0

    None.

Critical Paths under _main in BANK1

    None.

Critical Paths under _isr in BANK1

    None.

Call Graph Tables:

 ---------------------------------------------------------------------------------
 (Depth) Function   	        Calls       Base Space   Used Autos Params    Refs
 ---------------------------------------------------------------------------------
 (0) _main                                                 1     1      0       0
                _ConfigureOscillator
                            _InitApp
                      _Initial_Start
 ---------------------------------------------------------------------------------
 (1) _Initial_Start                                        0     0      0       0
 ---------------------------------------------------------------------------------
 (1) _InitApp                                              0     0      0       0
                     _WaitForSYNC_PU
 ---------------------------------------------------------------------------------
 (2) _WaitForSYNC_PU                                       0     0      0       0
 ---------------------------------------------------------------------------------
 (1) _ConfigureOscillator                                  0     0      0       0
 ---------------------------------------------------------------------------------
 Estimated maximum stack depth 2
 ---------------------------------------------------------------------------------
 (Depth) Function   	        Calls       Base Space   Used Autos Params    Refs
 ---------------------------------------------------------------------------------
 (3) _isr                                                  6     6      0       0
                                              1 COMMON     5     5      0
                          _SetOUTPUT
 ---------------------------------------------------------------------------------
 (4) _SetOUTPUT                                            1     1      0       0
                                              0 COMMON     1     1      0
 ---------------------------------------------------------------------------------
 Estimated maximum stack depth 4
 ---------------------------------------------------------------------------------

 Call Graph Graphs:

 _main (ROOT)
   _ConfigureOscillator
   _InitApp
     _WaitForSYNC_PU
   _Initial_Start

 _isr (ROOT)
   _SetOUTPUT

 Address spaces:
Name               Size   Autos  Total    Cost      Usage
BANK1               20      0       0       5        0.0%
BITBANK1            20      0       0       7        0.0%
SFR1                 0      0       0       2        0.0%
BITSFR1              0      0       0       2        0.0%
BANK0               50      0      2A       4       52.5%
BITBANK0            50      0       0       3        0.0%
SFR0                 0      0       0       1        0.0%
BITSFR0              0      0       0       1        0.0%
COMMON               E      6       E       1      100.0%
BITCOMMON            E      0       0       0        0.0%
CODE                 0      0       0       0        0.0%
DATA                 0      0      38       8        0.0%
ABS                  0      0      38       6        0.0%
NULL                 0      0       0       0        0.0%
STACK                0      0       0       2        0.0%
EEDATA             100      0       5       0        2.0%


Microchip Technology PIC Macro Assembler V1.45 build -152302408 
Symbol Table                                                                                   Fri Dec 13 22:47:03 2019

                        __CFG_CP$ON 0000                                   pc 0002  
                  _ROM_Sub_Patterns 02B3                         __CFG_CPD$ON 0000  
                                fsr 0004                                 l162 0395  
                               l172 038D                                 _WPU 0095  
                               _isr 0353                                 fsr0 0004  
                               indf 0000                  _GLOBAL_CHANNELS_EN 0039  
    _GLOBAL_sub_patterns_index_copy 0074                                ?_isr 0078  
                      __CFG_WDTE$ON 0000                                _GPIO 0005  
                              i1l17 0362                                _TMR0 0001  
                     __CFG_FCMEN$ON 0000                                _main 0392  
                   isr@tenMSCounter 0077                                btemp 007E  
                     __CFG_BOREN$ON 0000              __size_of_Initial_Start 0001  
                              start 000F                       __CFG_IESO$OFF 0000  
       _GLOBAL_Selected_Mode_Number 0044                     __end_of_InitApp 0353  
                             ??_isr 0079                      _WaitForSYNC_PU 0399  
  _GLOBAL_sub_patterns_column_index 0073                               ?_main 0078  
                             _ANSEL 009F                               i1l746 037A  
                             i1l748 037C    _GLOBAL_combo_patterns_index_copy 0048  
               _ConfigureOscillator 038A        _GLOBAL_SYNC_Line_LOW_counter 003C  
                             pclath 000A            _GLOBAL_MODE1_LOW_counter 003D  
                             status 0003                               wtemp0 007E  
              ?_ConfigureOscillator 0078                      __CFG_MCLRE$OFF 0000  
                   __initialization 0010              __end_of_WaitForSYNC_PU 039A  
                      __end_of_main 0397                 SetOUTPUT@pwmCounter 0070  
                            ??_main 0000              SetOUTPUT@temporaryGPIO 0024  
                     _Initial_Start 0398                              _CMCON0 0019  
                        _bDualColor 0026                              _INTCON 000B  
          _GLOBAL_MODE2_LOW_counter 003B                              _OSCCON 008F  
         _bGLOBAL_SYNC_Line_PRESSED 002C                              _WDTCON 0018  
                            _TRISIO 0085                   _bGLOBAL_STEADY_ON 002A  
                         ??_InitApp 0000               ??_ConfigureOscillator 0000  
                  _GLOBAL_Mode_copy 0022                      __CFG_PWRTE$OFF 0000  
                __size_of_SetOUTPUT 0014                     ?_WaitForSYNC_PU 0078  
                 _bGLOBAL_SYNC_SENT 0034                      ?_Initial_Start 0078  
          _bGLOBAL_CHANGING_PATTERN 0036                              saved_w 007E  
          __end_of_ROM_Sub_Patterns 032A             __end_of__initialization 001B  
             _ROM_Sub_Patterns_Time 023C                      _EEprom_InPhase 0000  
                    __pcstackCOMMON 0078                        __pidataBANK0 0397  
                    _OPTION_REGbits 0081                   __end_of_SetOUTPUT 0382  
                        __pbssBANK0 0020    _bGLOBAL_CHANGING_PATTERN_Enforce 0035  
                        __pmaintext 0392                          __pintentry 0004  
                   ??_Initial_Start 0000       _bGLOBAL_OUTPUT_BUFFER_CHANGED 002B  
         _GLOBAL_Selected_Mode_Type 0071               _bGLOBAL_MODE1_PRESSED 002E  
             _bGLOBAL_MODE2_PRESSED 002D                          __stringtab 0100  
                           _InitApp 032A          _bGLOBAL_END_OF_CYCLE_COND1 0033  
        _bGLOBAL_END_OF_CYCLE_COND2 0032                             __ptext1 0398  
                           __ptext2 032A                             __ptext3 0399  
                           __ptext4 038A                             __ptext5 0353  
                           __ptext6 036E                        __size_of_isr 001B  
                           _pwmBool 0049                             clrloop0 0383  
              end_of_initialization 001B                 _bGLOBAL_ENABLE_LEDS 002F  
                  ??_WaitForSYNC_PU 0000           _GLOBAL_sub_patterns_index 0075  
         _GLOBAL_sub_patterns_timer 0046                        __pstringtext 0100  
       _GLOBAL_combo_patterns_index 0072                _channelToBeDisplayed 0027  
       __end_of_ConfigureOscillator 0392       _GLOBAL_combo_patterns_counter 0045  
               start_initialization 0010                         __end_of_isr 036E  
                         _SetOUTPUT 036E                         __pdataBANK0 0049  
                       __pbssEEDATA 0000                         __pbssCOMMON 0070  
                         ___latbits 0000                       __pcstackBANK0 0000  
                        ?_SetOUTPUT 0078                            ?_InitApp 0078  
             __end_of_Initial_Start 0399          __end_of_ROM_COMBO_Patterns 023C  
 _bGLOBAL_DISABLE_SYNC_Line_PRESSED 0037                   interrupt_function 0004  
                         clear_ram0 0382            _GLOBAL_SYNC_Line_counter 003F  
                       __stringbase 0108      _GLOBAL_Selected_Mode_Type_copy 0043  
            _bGLOBAL_IS_PROGRAMMING 0031                         ??_SetOUTPUT 0078  
         _GLOBAL_SYNC_PULSE_Counter 003A                    __size_of_InitApp 0029  
                   _bGLOBAL_InPhase 0030                  __end_of__stringtab 0108  
                     isr@pwmCounter 0076                       __size_of_main 0005  
      __size_of_ConfigureOscillator 0008             __size_of_WaitForSYNC_PU 0001  
                        _INTCONbits 000B  _GLOBAL_combo_patterns_column_index 0047  
                     _OUTPUT_BUFFER 0029       __end_of_ROM_Sub_Patterns_Time 02B3  
                          intlevel1 0000                         _EEprom_mode 0002  
                         stringcode 0100                 _EEprom_Written_Flag 0004  
                        _OSCCONbits 008F               _GLOBAL_Dummy_Counter2 0041  
                _OUTPUT_BUFFER_COPY 0028                            stringtab 0100  
           _GLOBAL_CHANNELS_EN_DUAL 0025                _bGLOBAL_InPhase_copy 0020  
              _GLOBAL_Dummy_Counter 0042             _GLOBAL_CHANNELS_EN_copy 0038  
                __CFG_FOSC$INTOSCIO 0000                  _ROM_COMBO_Patterns 0108  
                        _TRISIObits 0085                _GLOBAL_MODE1_counter 0040  
              _GLOBAL_MODE2_counter 003E  
